

Microchip MPLAB XC8 Assembler V2.40 build 20220703182018 
                                                                                               Thu May 11 10:49:50 2023

Microchip MPLAB XC8 C Compiler v2.40 (Free license) build 20220703182018 Og1 
     1                           	processor	16F887
     2                           	pagewidth 120
     3                           	opt	flic
     4                           	psect	cinit,global,class=CODE,merge=1,delta=2
     5                           	psect	bssBANK0,global,class=BANK0,space=1,delta=1,noexec
     6                           	psect	cstackCOMMON,global,class=COMMON,space=1,delta=1,noexec
     7                           	psect	cstackBANK0,global,class=BANK0,space=1,delta=1,noexec
     8                           	psect	maintext,global,class=CODE,split=1,delta=2
     9                           	psect	text1,local,class=CODE,merge=1,delta=2
    10                           	psect	text2,local,class=CODE,merge=1,delta=2
    11                           	psect	text3,local,class=CODE,merge=1,delta=2
    12                           	psect	intentry,global,class=CODE,delta=2
    13                           	psect	text4,local,class=CODE,merge=1,delta=2,group=1
    14                           	psect	text5,local,class=CODE,merge=1,delta=2,group=1
    15                           	psect	idloc,global,abs,ovrld,class=IDLOC,space=5,delta=2,noexec
    16                           	psect	config,global,abs,ovrld,class=CONFIG,space=4,delta=2,noexec
    17                           	dabs	1,0x7E,2
    18     0000                     
    19                           ; Version 2.40
    20                           ; Generated 17/11/2021 GMT
    21                           ; 
    22                           ; Copyright © 2021, Microchip Technology Inc. and its subsidiaries ("Microchip")
    23                           ; All rights reserved.
    24                           ; 
    25                           ; This software is developed by Microchip Technology Inc. and its subsidiaries ("Microch
      +                          ip").
    26                           ; 
    27                           ; Redistribution and use in source and binary forms, with or without modification, are
    28                           ; permitted provided that the following conditions are met:
    29                           ; 
    30                           ;     1. Redistributions of source code must retain the above copyright notice, this lis
      +                          t of
    31                           ;        conditions and the following disclaimer.
    32                           ; 
    33                           ;     2. Redistributions in binary form must reproduce the above copyright notice, this 
      +                          list
    34                           ;        of conditions and the following disclaimer in the documentation and/or other
    35                           ;        materials provided with the distribution. Publication is not required when
    36                           ;        this file is used in an embedded application.
    37                           ; 
    38                           ;     3. Microchip's name may not be used to endorse or promote products derived from th
      +                          is
    39                           ;        software without specific prior written permission.
    40                           ; 
    41                           ; THIS SOFTWARE IS PROVIDED BY MICROCHIP "AS IS" AND ANY EXPRESS OR IMPLIED WARRANTIES,
    42                           ; INCLUDING, BUT NOT LIMITED TO, THE IMPLIED WARRANTIES OF MERCHANTABILITY AND FITNESS F
      +                          OR
    43                           ; PURPOSE ARE DISCLAIMED.  IN NO EVENT SHALL MICROCHIP BE LIABLE FOR ANY DIRECT, INDIREC
      +                          T,
    44                           ; INCIDENTAL, SPECIAL, EXEMPLARY, OR CONSEQUENTIAL DAMAGES (INCLUDING BUT NOT LIMITED TO
    45                           ; PROCUREMENT OF SUBSTITUTE GOODS OR SERVICES; LOSS OF USE, DATA OR PROFITS; OR BUSINESS
    46                           ; INTERRUPTION) HOWSOEVER CAUSED AND ON ANY THEORY OF LIABILITY, WHETHER IN CONTRACT, ST
      +                          RICT
    47                           ; LIABILITY, OR TORT (INCLUDING NEGLIGENCE OR OTHERWISE) ARISING IN ANY WAY OUT OF THE U
      +                          SE OF
    48                           ; THIS SOFTWARE, EVEN IF ADVISED OF THE POSSIBILITY OF SUCH DAMAGE.
    49                           ; 
    50                           ; 
    51                           ; Code-generator required, PIC16F887 Definitions
    52                           ; 
    53                           ; SFR Addresses
    54     0000                     	;# 
    55     0001                     	;# 
    56     0002                     	;# 
    57     0003                     	;# 
    58     0004                     	;# 
    59     0005                     	;# 
    60     0006                     	;# 
    61     0007                     	;# 
    62     0008                     	;# 
    63     0009                     	;# 
    64     000A                     	;# 
    65     000B                     	;# 
    66     000C                     	;# 
    67     000D                     	;# 
    68     000E                     	;# 
    69     000E                     	;# 
    70     000F                     	;# 
    71     0010                     	;# 
    72     0011                     	;# 
    73     0012                     	;# 
    74     0013                     	;# 
    75     0014                     	;# 
    76     0015                     	;# 
    77     0015                     	;# 
    78     0016                     	;# 
    79     0017                     	;# 
    80     0018                     	;# 
    81     0019                     	;# 
    82     001A                     	;# 
    83     001B                     	;# 
    84     001B                     	;# 
    85     001C                     	;# 
    86     001D                     	;# 
    87     001E                     	;# 
    88     001F                     	;# 
    89     0081                     	;# 
    90     0085                     	;# 
    91     0086                     	;# 
    92     0087                     	;# 
    93     0088                     	;# 
    94     0089                     	;# 
    95     008C                     	;# 
    96     008D                     	;# 
    97     008E                     	;# 
    98     008F                     	;# 
    99     0090                     	;# 
   100     0091                     	;# 
   101     0092                     	;# 
   102     0093                     	;# 
   103     0093                     	;# 
   104     0093                     	;# 
   105     0094                     	;# 
   106     0095                     	;# 
   107     0096                     	;# 
   108     0097                     	;# 
   109     0098                     	;# 
   110     0099                     	;# 
   111     009A                     	;# 
   112     009B                     	;# 
   113     009C                     	;# 
   114     009D                     	;# 
   115     009E                     	;# 
   116     009F                     	;# 
   117     0105                     	;# 
   118     0107                     	;# 
   119     0108                     	;# 
   120     0109                     	;# 
   121     010C                     	;# 
   122     010C                     	;# 
   123     010D                     	;# 
   124     010E                     	;# 
   125     010F                     	;# 
   126     0185                     	;# 
   127     0187                     	;# 
   128     0188                     	;# 
   129     0189                     	;# 
   130     018C                     	;# 
   131     018D                     	;# 
   132     0000                     	;# 
   133     0001                     	;# 
   134     0002                     	;# 
   135     0003                     	;# 
   136     0004                     	;# 
   137     0005                     	;# 
   138     0006                     	;# 
   139     0007                     	;# 
   140     0008                     	;# 
   141     0009                     	;# 
   142     000A                     	;# 
   143     000B                     	;# 
   144     000C                     	;# 
   145     000D                     	;# 
   146     000E                     	;# 
   147     000E                     	;# 
   148     000F                     	;# 
   149     0010                     	;# 
   150     0011                     	;# 
   151     0012                     	;# 
   152     0013                     	;# 
   153     0014                     	;# 
   154     0015                     	;# 
   155     0015                     	;# 
   156     0016                     	;# 
   157     0017                     	;# 
   158     0018                     	;# 
   159     0019                     	;# 
   160     001A                     	;# 
   161     001B                     	;# 
   162     001B                     	;# 
   163     001C                     	;# 
   164     001D                     	;# 
   165     001E                     	;# 
   166     001F                     	;# 
   167     0081                     	;# 
   168     0085                     	;# 
   169     0086                     	;# 
   170     0087                     	;# 
   171     0088                     	;# 
   172     0089                     	;# 
   173     008C                     	;# 
   174     008D                     	;# 
   175     008E                     	;# 
   176     008F                     	;# 
   177     0090                     	;# 
   178     0091                     	;# 
   179     0092                     	;# 
   180     0093                     	;# 
   181     0093                     	;# 
   182     0093                     	;# 
   183     0094                     	;# 
   184     0095                     	;# 
   185     0096                     	;# 
   186     0097                     	;# 
   187     0098                     	;# 
   188     0099                     	;# 
   189     009A                     	;# 
   190     009B                     	;# 
   191     009C                     	;# 
   192     009D                     	;# 
   193     009E                     	;# 
   194     009F                     	;# 
   195     0105                     	;# 
   196     0107                     	;# 
   197     0108                     	;# 
   198     0109                     	;# 
   199     010C                     	;# 
   200     010C                     	;# 
   201     010D                     	;# 
   202     010E                     	;# 
   203     010F                     	;# 
   204     0185                     	;# 
   205     0187                     	;# 
   206     0188                     	;# 
   207     0189                     	;# 
   208     018C                     	;# 
   209     018D                     	;# 
   210     000B                     _INTCONbits	set	11
   211     0009                     _PORTE	set	9
   212     0005                     _PORTA	set	5
   213     0019                     _TXREG	set	25
   214     001A                     _RCREG	set	26
   215     0008                     _PORTD	set	8
   216     00C4                     _CREN	set	196
   217     0064                     _TXIF	set	100
   218     00C7                     _SPEN	set	199
   219     0031                     _RB1	set	49
   220     0030                     _RB0	set	48
   221     0058                     _RBIF	set	88
   222     0065                     _RCIF	set	101
   223     008C                     _PIE1bits	set	140
   224     008F                     _OSCCONbits	set	143
   225     0096                     _IOCB	set	150
   226     0095                     _WPUB	set	149
   227     0081                     _OPTION_REGbits	set	129
   228     0089                     _TRISE	set	137
   229     0088                     _TRISD	set	136
   230     0086                     _TRISB	set	134
   231     009A                     _SPBRGH	set	154
   232     0099                     _SPBRG	set	153
   233     04C5                     _TXEN	set	1221
   234     04C4                     _SYNC	set	1220
   235     04C2                     _BRGH	set	1218
   236     0189                     _ANSELH	set	393
   237     0C3B                     _BRG16	set	3131
   238                           
   239                           	psect	cinit
   240     0011                     start_initialization:	
   241                           ; #config settings
   242                           
   243     0011                     __initialization:
   244                           
   245                           ; Clear objects allocated to BANK0
   246     0011  1283               	bcf	3,5	;RP0=0, select bank0
   247     0012  1303               	bcf	3,6	;RP1=0, select bank0
   248     0013  01A0               	clrf	__pbssBANK0& (0+127)
   249     0014  01A1               	clrf	(__pbssBANK0+1)& (0+127)
   250     0015  01A2               	clrf	(__pbssBANK0+2)& (0+127)
   251     0016  01A3               	clrf	(__pbssBANK0+3)& (0+127)
   252     0017  01A4               	clrf	(__pbssBANK0+4)& (0+127)
   253     0018  01A5               	clrf	(__pbssBANK0+5)& (0+127)
   254     0019  01A6               	clrf	(__pbssBANK0+6)& (0+127)
   255     001A  01A7               	clrf	(__pbssBANK0+7)& (0+127)
   256     001B  01A8               	clrf	(__pbssBANK0+8)& (0+127)
   257     001C                     end_of_initialization:	
   258                           ;End of C runtime variable initialization code
   259                           
   260     001C                     __end_of__initialization:
   261     001C  0183               	clrf	3
   262     001D  120A  118A  2971   	ljmp	_main	;jump to C main() function
   263                           
   264                           	psect	bssBANK0
   265     0020                     __pbssBANK0:
   266     0020                     _unidad:
   267     0020                     	ds	2
   268     0022                     _decena:
   269     0022                     	ds	2
   270     0024                     _centena:
   271     0024                     	ds	2
   272     0026                     _numero:
   273     0026                     	ds	2
   274     0028                     _contador:
   275     0028                     	ds	1
   276                           
   277                           	psect	cstackCOMMON
   278     0070                     __pcstackCOMMON:
   279     0070                     ?_setup:
   280     0070                     ?_initUART:	
   281                           ; 1 bytes @ 0x0
   282                           
   283     0070                     ?_isr:	
   284                           ; 1 bytes @ 0x0
   285                           
   286     0070                     ?_main:	
   287                           ; 1 bytes @ 0x0
   288                           
   289     0070                     ?___awdiv:	
   290                           ; 1 bytes @ 0x0
   291                           
   292     0070                     ___awdiv@divisor:	
   293                           ; 2 bytes @ 0x0
   294                           
   295                           
   296                           ; 2 bytes @ 0x0
   297     0070                     	ds	2
   298     0072                     ___awdiv@dividend:
   299                           
   300                           ; 2 bytes @ 0x2
   301     0072                     	ds	2
   302     0074                     ??___awdiv:
   303                           
   304                           ; 1 bytes @ 0x4
   305     0074                     	ds	1
   306     0075                     ___awdiv@counter:
   307                           
   308                           ; 1 bytes @ 0x5
   309     0075                     	ds	1
   310     0076                     ___awdiv@sign:
   311                           
   312                           ; 1 bytes @ 0x6
   313     0076                     	ds	1
   314     0077                     ___awdiv@quotient:
   315                           
   316                           ; 2 bytes @ 0x7
   317     0077                     	ds	2
   318     0079                     ?___awmod:
   319     0079                     ___awmod@divisor:	
   320                           ; 2 bytes @ 0x9
   321                           
   322                           
   323                           ; 2 bytes @ 0x9
   324     0079                     	ds	2
   325     007B                     ___awmod@dividend:
   326                           
   327                           ; 2 bytes @ 0xB
   328     007B                     	ds	2
   329     007D                     ??___awmod:
   330                           
   331                           ; 1 bytes @ 0xD
   332     007D                     	ds	1
   333                           
   334                           	psect	cstackBANK0
   335     0029                     __pcstackBANK0:
   336     0029                     ___awmod@counter:
   337                           
   338                           ; 1 bytes @ 0x0
   339     0029                     	ds	1
   340     002A                     ___awmod@sign:
   341                           
   342                           ; 1 bytes @ 0x1
   343     002A                     	ds	1
   344     002B                     ??_isr:
   345                           
   346                           ; 1 bytes @ 0x2
   347     002B                     	ds	4
   348     002F                     ??_setup:
   349     002F                     ??_initUART:	
   350                           ; 1 bytes @ 0x6
   351                           
   352     002F                     ??_main:	
   353                           ; 1 bytes @ 0x6
   354                           
   355                           
   356                           ; 1 bytes @ 0x6
   357     002F                     	ds	2
   358                           
   359                           	psect	maintext
   360     0171                     __pmaintext:	
   361 ;;
   362 ;;Main: autosize = 0, tempsize = 2, incstack = 0, save=0
   363 ;;
   364 ;; *************** function _main *****************
   365 ;; Defined at:
   366 ;;		line 94 in file "Prelab_10.c"
   367 ;; Parameters:    Size  Location     Type
   368 ;;		None
   369 ;; Auto vars:     Size  Location     Type
   370 ;;		None
   371 ;; Return value:  Size  Location     Type
   372 ;;                  1    wreg      void 
   373 ;; Registers used:
   374 ;;		wreg, status,2, status,0, pclath, cstack
   375 ;; Tracked objects:
   376 ;;		On entry : B00/0
   377 ;;		On exit  : 0/0
   378 ;;		Unchanged: 0/0
   379 ;; Data sizes:     COMMON   BANK0   BANK1   BANK3   BANK2
   380 ;;      Params:         0       0       0       0       0
   381 ;;      Locals:         0       0       0       0       0
   382 ;;      Temps:          0       2       0       0       0
   383 ;;      Totals:         0       2       0       0       0
   384 ;;Total ram usage:        2 bytes
   385 ;; Hardware stack levels required when called: 3
   386 ;; This function calls:
   387 ;;		_initUART
   388 ;;		_setup
   389 ;; This function is called by:
   390 ;;		Startup code after reset
   391 ;; This function uses a non-reentrant model
   392 ;;
   393                           
   394     0171                     _main:	
   395                           ;psect for function _main
   396                           
   397     0171                     l1029:	
   398                           ;incstack = 0
   399                           ; Regs used in _main: [wreg+status,2+status,0+pclath+cstack]
   400                           
   401                           
   402                           ;Prelab_10.c: 96:     setup();
   403     0171  120A  118A  21BA  120A  118A  	fcall	_setup
   404                           
   405                           ;Prelab_10.c: 97:     initUART();
   406     0176  120A  118A  21D8  120A  118A  	fcall	_initUART
   407     017B                     l1031:
   408                           
   409                           ;Prelab_10.c: 99:     {;Prelab_10.c: 100:         TXREG = centena + 48;
   410     017B  1283               	bcf	3,5	;RP0=0, select bank0
   411     017C  1303               	bcf	3,6	;RP1=0, select bank0
   412     017D  0824               	movf	_centena,w
   413     017E  3E30               	addlw	48
   414     017F  0099               	movwf	25	;volatile
   415     0180                     l1033:
   416                           
   417                           ;Prelab_10.c: 101:         _delay((unsigned long)((5)*(8000000/4000.0)));
   418     0180  300D               	movlw	13
   419     0181  1283               	bcf	3,5	;RP0=0, select bank0
   420     0182  1303               	bcf	3,6	;RP1=0, select bank0
   421     0183  00B0               	movwf	??_main+1
   422     0184  30FB               	movlw	251
   423     0185  00AF               	movwf	??_main
   424     0186                     u517:
   425     0186  0BAF               	decfsz	??_main,f
   426     0187  2986               	goto	u517
   427     0188  0BB0               	decfsz	??_main+1,f
   428     0189  2986               	goto	u517
   429     018A                     l1035:
   430                           
   431                           ;Prelab_10.c: 102:         TXREG = decena + 48;
   432     018A  1283               	bcf	3,5	;RP0=0, select bank0
   433     018B  1303               	bcf	3,6	;RP1=0, select bank0
   434     018C  0822               	movf	_decena,w
   435     018D  3E30               	addlw	48
   436     018E  0099               	movwf	25	;volatile
   437     018F                     l1037:
   438                           
   439                           ;Prelab_10.c: 103:         _delay((unsigned long)((5)*(8000000/4000.0)));
   440     018F  300D               	movlw	13
   441     0190  1283               	bcf	3,5	;RP0=0, select bank0
   442     0191  1303               	bcf	3,6	;RP1=0, select bank0
   443     0192  00B0               	movwf	??_main+1
   444     0193  30FB               	movlw	251
   445     0194  00AF               	movwf	??_main
   446     0195                     u527:
   447     0195  0BAF               	decfsz	??_main,f
   448     0196  2995               	goto	u527
   449     0197  0BB0               	decfsz	??_main+1,f
   450     0198  2995               	goto	u527
   451     0199                     l1039:
   452                           
   453                           ;Prelab_10.c: 104:         TXREG = unidad + 48;
   454     0199  1283               	bcf	3,5	;RP0=0, select bank0
   455     019A  1303               	bcf	3,6	;RP1=0, select bank0
   456     019B  0820               	movf	_unidad,w
   457     019C  3E30               	addlw	48
   458     019D  0099               	movwf	25	;volatile
   459     019E                     l1041:
   460                           
   461                           ;Prelab_10.c: 105:         _delay((unsigned long)((5)*(8000000/4000.0)));
   462     019E  300D               	movlw	13
   463     019F  1283               	bcf	3,5	;RP0=0, select bank0
   464     01A0  1303               	bcf	3,6	;RP1=0, select bank0
   465     01A1  00B0               	movwf	??_main+1
   466     01A2  30FB               	movlw	251
   467     01A3  00AF               	movwf	??_main
   468     01A4                     u537:
   469     01A4  0BAF               	decfsz	??_main,f
   470     01A5  29A4               	goto	u537
   471     01A6  0BB0               	decfsz	??_main+1,f
   472     01A7  29A4               	goto	u537
   473     01A8                     l1043:
   474                           
   475                           ;Prelab_10.c: 106:         TXREG = '\n';
   476     01A8  300A               	movlw	10
   477     01A9  1283               	bcf	3,5	;RP0=0, select bank0
   478     01AA  1303               	bcf	3,6	;RP1=0, select bank0
   479     01AB  0099               	movwf	25	;volatile
   480     01AC                     l1045:
   481                           
   482                           ;Prelab_10.c: 107:         _delay((unsigned long)((5)*(8000000/4000.0)));
   483     01AC  300D               	movlw	13
   484     01AD  1283               	bcf	3,5	;RP0=0, select bank0
   485     01AE  1303               	bcf	3,6	;RP1=0, select bank0
   486     01AF  00B0               	movwf	??_main+1
   487     01B0  30FB               	movlw	251
   488     01B1  00AF               	movwf	??_main
   489     01B2                     u547:
   490     01B2  0BAF               	decfsz	??_main,f
   491     01B3  29B2               	goto	u547
   492     01B4  0BB0               	decfsz	??_main+1,f
   493     01B5  29B2               	goto	u547
   494     01B6  297B               	goto	l1031
   495     01B7  120A  118A  280E   	ljmp	start
   496     01BA                     __end_of_main:
   497                           
   498                           	psect	text1
   499     01BA                     __ptext1:	
   500 ;; *************** function _setup *****************
   501 ;; Defined at:
   502 ;;		line 174 in file "Prelab_10.c"
   503 ;; Parameters:    Size  Location     Type
   504 ;;		None
   505 ;; Auto vars:     Size  Location     Type
   506 ;;		None
   507 ;; Return value:  Size  Location     Type
   508 ;;                  1    wreg      void 
   509 ;; Registers used:
   510 ;;		wreg, status,2, status,0
   511 ;; Tracked objects:
   512 ;;		On entry : 0/0
   513 ;;		On exit  : 0/0
   514 ;;		Unchanged: 0/0
   515 ;; Data sizes:     COMMON   BANK0   BANK1   BANK3   BANK2
   516 ;;      Params:         0       0       0       0       0
   517 ;;      Locals:         0       0       0       0       0
   518 ;;      Temps:          0       0       0       0       0
   519 ;;      Totals:         0       0       0       0       0
   520 ;;Total ram usage:        0 bytes
   521 ;; Hardware stack levels used: 1
   522 ;; Hardware stack levels required when called: 2
   523 ;; This function calls:
   524 ;;		Nothing
   525 ;; This function is called by:
   526 ;;		_main
   527 ;; This function uses a non-reentrant model
   528 ;;
   529                           
   530     01BA                     _setup:	
   531                           ;psect for function _setup
   532                           
   533     01BA                     l867:	
   534                           ;incstack = 0
   535                           ; Regs used in _setup: [wreg+status,2+status,0]
   536                           
   537                           
   538                           ;Prelab_10.c: 177:     ANSELH = 0;
   539     01BA  1683               	bsf	3,5	;RP0=1, select bank3
   540     01BB  1703               	bsf	3,6	;RP1=1, select bank3
   541     01BC  0189               	clrf	9	;volatile
   542     01BD                     l869:
   543                           
   544                           ;Prelab_10.c: 179:     TRISB = 0b11;
   545     01BD  3003               	movlw	3
   546     01BE  1683               	bsf	3,5	;RP0=1, select bank1
   547     01BF  1303               	bcf	3,6	;RP1=0, select bank1
   548     01C0  0086               	movwf	6	;volatile
   549     01C1                     l871:
   550                           
   551                           ;Prelab_10.c: 180:     TRISD = 0;
   552     01C1  0188               	clrf	8	;volatile
   553     01C2                     l873:
   554                           
   555                           ;Prelab_10.c: 181:     TRISE = 0;
   556     01C2  0189               	clrf	9	;volatile
   557     01C3                     l875:
   558                           
   559                           ;Prelab_10.c: 183:     PORTA = 0;
   560     01C3  1283               	bcf	3,5	;RP0=0, select bank0
   561     01C4  1303               	bcf	3,6	;RP1=0, select bank0
   562     01C5  0185               	clrf	5	;volatile
   563     01C6                     l877:
   564                           
   565                           ;Prelab_10.c: 184:     PORTD = 0;
   566     01C6  0188               	clrf	8	;volatile
   567     01C7                     l879:
   568                           
   569                           ;Prelab_10.c: 185:     PORTE = 0;
   570     01C7  0189               	clrf	9	;volatile
   571     01C8                     l881:
   572                           
   573                           ;Prelab_10.c: 188:     OPTION_REGbits.nRBPU = 0;
   574     01C8  1683               	bsf	3,5	;RP0=1, select bank1
   575     01C9  1303               	bcf	3,6	;RP1=0, select bank1
   576     01CA  1381               	bcf	1,7	;volatile
   577                           
   578                           ;Prelab_10.c: 189:     WPUB = 0b11;
   579     01CB  3003               	movlw	3
   580     01CC  0095               	movwf	21	;volatile
   581                           
   582                           ;Prelab_10.c: 190:     IOCB = 0b11;
   583     01CD  3003               	movlw	3
   584     01CE  0096               	movwf	22	;volatile
   585     01CF                     l883:
   586                           
   587                           ;Prelab_10.c: 192:     OSCCONbits.IRCF = 0b111;
   588     01CF  3070               	movlw	112
   589     01D0  048F               	iorwf	15,f	;volatile
   590     01D1                     l885:
   591                           
   592                           ;Prelab_10.c: 193:     OSCCONbits.SCS = 1;
   593     01D1  140F               	bsf	15,0	;volatile
   594     01D2                     l887:
   595                           
   596                           ;Prelab_10.c: 196:     PIE1bits.RCIE = 1;
   597     01D2  168C               	bsf	12,5	;volatile
   598     01D3                     l889:
   599                           
   600                           ;Prelab_10.c: 197:     INTCONbits.GIE = 1;
   601     01D3  178B               	bsf	11,7	;volatile
   602     01D4                     l891:
   603                           
   604                           ;Prelab_10.c: 198:     INTCONbits.PEIE = 1;
   605     01D4  170B               	bsf	11,6	;volatile
   606     01D5                     l893:
   607                           
   608                           ;Prelab_10.c: 199:     INTCONbits.RBIF = 0;
   609     01D5  100B               	bcf	11,0	;volatile
   610     01D6                     l895:
   611                           
   612                           ;Prelab_10.c: 200:     INTCONbits.RBIE = 1;
   613     01D6  158B               	bsf	11,3	;volatile
   614     01D7                     l95:
   615     01D7  0008               	return
   616     01D8                     __end_of_setup:
   617                           
   618                           	psect	text2
   619     01D8                     __ptext2:	
   620 ;; *************** function _initUART *****************
   621 ;; Defined at:
   622 ;;		line 119 in file "Prelab_10.c"
   623 ;; Parameters:    Size  Location     Type
   624 ;;		None
   625 ;; Auto vars:     Size  Location     Type
   626 ;;		None
   627 ;; Return value:  Size  Location     Type
   628 ;;                  1    wreg      void 
   629 ;; Registers used:
   630 ;;		wreg, status,2
   631 ;; Tracked objects:
   632 ;;		On entry : 0/0
   633 ;;		On exit  : 0/0
   634 ;;		Unchanged: 0/0
   635 ;; Data sizes:     COMMON   BANK0   BANK1   BANK3   BANK2
   636 ;;      Params:         0       0       0       0       0
   637 ;;      Locals:         0       0       0       0       0
   638 ;;      Temps:          0       0       0       0       0
   639 ;;      Totals:         0       0       0       0       0
   640 ;;Total ram usage:        0 bytes
   641 ;; Hardware stack levels used: 1
   642 ;; Hardware stack levels required when called: 2
   643 ;; This function calls:
   644 ;;		Nothing
   645 ;; This function is called by:
   646 ;;		_main
   647 ;; This function uses a non-reentrant model
   648 ;;
   649                           
   650     01D8                     _initUART:	
   651                           ;psect for function _initUART
   652                           
   653     01D8                     l899:	
   654                           ;incstack = 0
   655                           ; Regs used in _initUART: [wreg+status,2]
   656                           
   657                           
   658                           ;Prelab_10.c: 145:     SPBRG = 12;
   659     01D8  300C               	movlw	12
   660     01D9  1683               	bsf	3,5	;RP0=1, select bank1
   661     01DA  1303               	bcf	3,6	;RP1=0, select bank1
   662     01DB  0099               	movwf	25	;volatile
   663     01DC                     l901:
   664                           
   665                           ;Prelab_10.c: 146:     SPBRGH = 0;
   666     01DC  019A               	clrf	26	;volatile
   667     01DD                     l903:
   668                           
   669                           ;Prelab_10.c: 147:     BRGH = 0;
   670     01DD  1118               	bcf	24,2	;volatile
   671     01DE                     l905:
   672                           
   673                           ;Prelab_10.c: 148:     BRG16 = 0;
   674     01DE  1683               	bsf	3,5	;RP0=1, select bank3
   675     01DF  1703               	bsf	3,6	;RP1=1, select bank3
   676     01E0  1187               	bcf	7,3	;volatile
   677     01E1                     l907:
   678                           
   679                           ;Prelab_10.c: 151:     SYNC = 0;
   680     01E1  1683               	bsf	3,5	;RP0=1, select bank1
   681     01E2  1303               	bcf	3,6	;RP1=0, select bank1
   682     01E3  1218               	bcf	24,4	;volatile
   683     01E4                     l909:
   684                           
   685                           ;Prelab_10.c: 152:     SPEN = 1;
   686     01E4  1283               	bcf	3,5	;RP0=0, select bank0
   687     01E5  1303               	bcf	3,6	;RP1=0, select bank0
   688     01E6  1798               	bsf	24,7	;volatile
   689     01E7                     l911:
   690                           
   691                           ;Prelab_10.c: 158:     TXEN = 1;
   692     01E7  1683               	bsf	3,5	;RP0=1, select bank1
   693     01E8  1303               	bcf	3,6	;RP1=0, select bank1
   694     01E9  1698               	bsf	24,5	;volatile
   695     01EA                     l913:
   696                           
   697                           ;Prelab_10.c: 159:     TXIF = 0;
   698     01EA  1283               	bcf	3,5	;RP0=0, select bank0
   699     01EB  1303               	bcf	3,6	;RP1=0, select bank0
   700     01EC  120C               	bcf	12,4	;volatile
   701     01ED                     l915:
   702                           
   703                           ;Prelab_10.c: 161:     CREN = 1;
   704     01ED  1618               	bsf	24,4	;volatile
   705     01EE                     l917:
   706                           
   707                           ;Prelab_10.c: 162:     RCIF = 0;
   708     01EE  128C               	bcf	12,5	;volatile
   709     01EF                     l92:
   710     01EF  0008               	return
   711     01F0                     __end_of_initUART:
   712                           
   713                           	psect	text3
   714     0020                     __ptext3:	
   715 ;; *************** function _isr *****************
   716 ;; Defined at:
   717 ;;		line 57 in file "Prelab_10.c"
   718 ;; Parameters:    Size  Location     Type
   719 ;;		None
   720 ;; Auto vars:     Size  Location     Type
   721 ;;		None
   722 ;; Return value:  Size  Location     Type
   723 ;;                  1    wreg      void 
   724 ;; Registers used:
   725 ;;		wreg, status,2, status,0, pclath, cstack
   726 ;; Tracked objects:
   727 ;;		On entry : 0/0
   728 ;;		On exit  : 0/0
   729 ;;		Unchanged: 0/0
   730 ;; Data sizes:     COMMON   BANK0   BANK1   BANK3   BANK2
   731 ;;      Params:         0       0       0       0       0
   732 ;;      Locals:         0       0       0       0       0
   733 ;;      Temps:          0       4       0       0       0
   734 ;;      Totals:         0       4       0       0       0
   735 ;;Total ram usage:        4 bytes
   736 ;; Hardware stack levels used: 1
   737 ;; Hardware stack levels required when called: 1
   738 ;; This function calls:
   739 ;;		___awdiv
   740 ;;		___awmod
   741 ;; This function is called by:
   742 ;;		Interrupt level 1
   743 ;; This function uses a non-reentrant model
   744 ;;
   745                           
   746     0020                     _isr:	
   747                           ;psect for function _isr
   748                           
   749     0020                     i1l1001:
   750                           
   751                           ;Prelab_10.c: 60:     if(RCIF == 1){
   752     0020  1E8C               	btfss	12,5	;volatile
   753     0021  2823               	goto	u45_21
   754     0022  2824               	goto	u45_20
   755     0023                     u45_21:
   756     0023  2830               	goto	i1l1005
   757     0024                     u45_20:
   758     0024                     i1l1003:
   759                           
   760                           ;Prelab_10.c: 61:         PORTD = RCREG;
   761     0024  081A               	movf	26,w	;volatile
   762     0025  0088               	movwf	8	;volatile
   763                           
   764                           ;Prelab_10.c: 62:         _delay((unsigned long)((5)*(8000000/4000.0)));
   765     0026  300D               	movlw	13
   766     0027  1283               	bcf	3,5	;RP0=0, select bank0
   767     0028  1303               	bcf	3,6	;RP1=0, select bank0
   768     0029  00AC               	movwf	??_isr+1
   769     002A  30FB               	movlw	251
   770     002B  00AB               	movwf	??_isr
   771     002C                     u55_27:
   772     002C  0BAB               	decfsz	??_isr,f
   773     002D  282C               	goto	u55_27
   774     002E  0BAC               	decfsz	??_isr+1,f
   775     002F  282C               	goto	u55_27
   776     0030                     i1l1005:
   777                           
   778                           ;Prelab_10.c: 66:     if (RBIF) {
   779     0030  1C0B               	btfss	11,0	;volatile
   780     0031  2833               	goto	u46_21
   781     0032  2834               	goto	u46_20
   782     0033                     u46_21:
   783     0033  289C               	goto	i1l1027
   784     0034                     u46_20:
   785     0034                     i1l1007:
   786                           
   787                           ;Prelab_10.c: 68:         if (RB0 == 0 && RB1 == 1) {
   788     0034  1283               	bcf	3,5	;RP0=0, select bank0
   789     0035  1303               	bcf	3,6	;RP1=0, select bank0
   790     0036  1806               	btfsc	6,0	;volatile
   791     0037  2839               	goto	u47_21
   792     0038  283A               	goto	u47_20
   793     0039                     u47_21:
   794     0039  2842               	goto	i1l1013
   795     003A                     u47_20:
   796     003A                     i1l1009:
   797     003A  1C86               	btfss	6,1	;volatile
   798     003B  283D               	goto	u48_21
   799     003C  283E               	goto	u48_20
   800     003D                     u48_21:
   801     003D  2842               	goto	i1l1013
   802     003E                     u48_20:
   803     003E                     i1l1011:
   804                           
   805                           ;Prelab_10.c: 69:             contador++;
   806     003E  3001               	movlw	1
   807     003F  00AB               	movwf	??_isr
   808     0040  082B               	movf	??_isr,w
   809     0041  07A8               	addwf	_contador,f
   810     0042                     i1l1013:
   811                           
   812                           ;Prelab_10.c: 72:         if (RB0 == 1 && RB1 == 0) {
   813     0042  1C06               	btfss	6,0	;volatile
   814     0043  2845               	goto	u49_21
   815     0044  2846               	goto	u49_20
   816     0045                     u49_21:
   817     0045  284C               	goto	i1l1019
   818     0046                     u49_20:
   819     0046                     i1l1015:
   820     0046  1886               	btfsc	6,1	;volatile
   821     0047  2849               	goto	u50_21
   822     0048  284A               	goto	u50_20
   823     0049                     u50_21:
   824     0049  284C               	goto	i1l1019
   825     004A                     u50_20:
   826     004A                     i1l1017:
   827                           
   828                           ;Prelab_10.c: 73:             contador--;
   829     004A  3001               	movlw	1
   830     004B  02A8               	subwf	_contador,f
   831     004C                     i1l1019:
   832                           
   833                           ;Prelab_10.c: 76:         centena = (contador/100);
   834     004C  3064               	movlw	100
   835     004D  00F0               	movwf	___awdiv@divisor
   836     004E  3000               	movlw	0
   837     004F  00F1               	movwf	___awdiv@divisor+1
   838     0050  0828               	movf	_contador,w
   839     0051  00AB               	movwf	??_isr
   840     0052  01AC               	clrf	??_isr+1
   841     0053  082B               	movf	??_isr,w
   842     0054  00F2               	movwf	___awdiv@dividend
   843     0055  082C               	movf	??_isr+1,w
   844     0056  00F3               	movwf	___awdiv@dividend+1
   845     0057  120A  118A  20AF  120A  118A  	fcall	___awdiv
   846     005C  0871               	movf	?___awdiv+1,w
   847     005D  1283               	bcf	3,5	;RP0=0, select bank0
   848     005E  1303               	bcf	3,6	;RP1=0, select bank0
   849     005F  00A5               	movwf	_centena+1
   850     0060  0870               	movf	?___awdiv,w
   851     0061  00A4               	movwf	_centena
   852     0062                     i1l1021:
   853                           
   854                           ;Prelab_10.c: 77:         decena = ((contador/10)%10);
   855     0062  300A               	movlw	10
   856     0063  00F9               	movwf	___awmod@divisor
   857     0064  3000               	movlw	0
   858     0065  00FA               	movwf	___awmod@divisor+1
   859     0066  300A               	movlw	10
   860     0067  00F0               	movwf	___awdiv@divisor
   861     0068  3000               	movlw	0
   862     0069  00F1               	movwf	___awdiv@divisor+1
   863     006A  0828               	movf	_contador,w
   864     006B  00AB               	movwf	??_isr
   865     006C  01AC               	clrf	??_isr+1
   866     006D  082B               	movf	??_isr,w
   867     006E  00F2               	movwf	___awdiv@dividend
   868     006F  082C               	movf	??_isr+1,w
   869     0070  00F3               	movwf	___awdiv@dividend+1
   870     0071  120A  118A  20AF  120A  118A  	fcall	___awdiv
   871     0076  0871               	movf	?___awdiv+1,w
   872     0077  00FC               	movwf	___awmod@dividend+1
   873     0078  0870               	movf	?___awdiv,w
   874     0079  00FB               	movwf	___awmod@dividend
   875     007A  120A  118A  2116  120A  118A  	fcall	___awmod
   876     007F  087A               	movf	?___awmod+1,w
   877     0080  1283               	bcf	3,5	;RP0=0, select bank0
   878     0081  1303               	bcf	3,6	;RP1=0, select bank0
   879     0082  00A3               	movwf	_decena+1
   880     0083  0879               	movf	?___awmod,w
   881     0084  00A2               	movwf	_decena
   882     0085                     i1l1023:
   883                           
   884                           ;Prelab_10.c: 78:         unidad = (contador%10);
   885     0085  300A               	movlw	10
   886     0086  00F9               	movwf	___awmod@divisor
   887     0087  3000               	movlw	0
   888     0088  00FA               	movwf	___awmod@divisor+1
   889     0089  0828               	movf	_contador,w
   890     008A  00AB               	movwf	??_isr
   891     008B  01AC               	clrf	??_isr+1
   892     008C  082B               	movf	??_isr,w
   893     008D  00FB               	movwf	___awmod@dividend
   894     008E  082C               	movf	??_isr+1,w
   895     008F  00FC               	movwf	___awmod@dividend+1
   896     0090  120A  118A  2116  120A  118A  	fcall	___awmod
   897     0095  087A               	movf	?___awmod+1,w
   898     0096  1283               	bcf	3,5	;RP0=0, select bank0
   899     0097  1303               	bcf	3,6	;RP1=0, select bank0
   900     0098  00A1               	movwf	_unidad+1
   901     0099  0879               	movf	?___awmod,w
   902     009A  00A0               	movwf	_unidad
   903     009B                     i1l1025:
   904                           
   905                           ;Prelab_10.c: 81:         RBIF = 0;
   906     009B  100B               	bcf	11,0	;volatile
   907     009C                     i1l1027:
   908                           
   909                           ;Prelab_10.c: 83:      _delay((unsigned long)((5)*(8000000/4000.0)));
   910     009C  300D               	movlw	13
   911     009D  1283               	bcf	3,5	;RP0=0, select bank0
   912     009E  1303               	bcf	3,6	;RP1=0, select bank0
   913     009F  00AC               	movwf	??_isr+1
   914     00A0  30FB               	movlw	251
   915     00A1  00AB               	movwf	??_isr
   916     00A2                     u56_27:
   917     00A2  0BAB               	decfsz	??_isr,f
   918     00A3  28A2               	goto	u56_27
   919     00A4  0BAC               	decfsz	??_isr+1,f
   920     00A5  28A2               	goto	u56_27
   921     00A6                     i1l81:
   922     00A6  1283               	bcf	3,5	;RP0=0, select bank0
   923     00A7  1303               	bcf	3,6	;RP1=0, select bank0
   924     00A8  082E               	movf	??_isr+3,w
   925     00A9  008A               	movwf	10
   926     00AA  0E2D               	swapf	??_isr+2,w
   927     00AB  0083               	movwf	3
   928     00AC  0EFE               	swapf	btemp,f
   929     00AD  0E7E               	swapf	btemp,w
   930     00AE  0009               	retfie
   931     00AF                     __end_of_isr:
   932                           
   933                           	psect	intentry
   934     0004                     __pintentry:	
   935                           ;incstack = 0
   936                           ; Regs used in _isr: [wreg+status,2+status,0+pclath+cstack]
   937                           
   938     0004                     interrupt_function:
   939     007E                     saved_w	set	btemp
   940     0004  00FE               	movwf	btemp
   941     0005  0E03               	swapf	3,w
   942     0006  1283               	bcf	3,5	;RP0=0, select bank0
   943     0007  1303               	bcf	3,6	;RP1=0, select bank0
   944     0008  00AD               	movwf	??_isr+2
   945     0009  080A               	movf	10,w
   946     000A  00AE               	movwf	??_isr+3
   947     000B  120A  118A  2820   	ljmp	_isr
   948                           
   949                           	psect	text4
   950     0116                     __ptext4:	
   951 ;; *************** function ___awmod *****************
   952 ;; Defined at:
   953 ;;		line 5 in file "C:\Program Files\Microchip\xc8\v2.40\pic\sources\c90\common\awmod.c"
   954 ;; Parameters:    Size  Location     Type
   955 ;;  divisor         2    9[COMMON] int 
   956 ;;  dividend        2   11[COMMON] int 
   957 ;; Auto vars:     Size  Location     Type
   958 ;;  sign            1    1[BANK0 ] unsigned char 
   959 ;;  counter         1    0[BANK0 ] unsigned char 
   960 ;; Return value:  Size  Location     Type
   961 ;;                  2    9[COMMON] int 
   962 ;; Registers used:
   963 ;;		wreg, status,2, status,0
   964 ;; Tracked objects:
   965 ;;		On entry : 0/0
   966 ;;		On exit  : 0/0
   967 ;;		Unchanged: 0/0
   968 ;; Data sizes:     COMMON   BANK0   BANK1   BANK3   BANK2
   969 ;;      Params:         4       0       0       0       0
   970 ;;      Locals:         0       2       0       0       0
   971 ;;      Temps:          1       0       0       0       0
   972 ;;      Totals:         5       2       0       0       0
   973 ;;Total ram usage:        7 bytes
   974 ;; Hardware stack levels used: 1
   975 ;; This function calls:
   976 ;;		Nothing
   977 ;; This function is called by:
   978 ;;		_isr
   979 ;; This function uses a non-reentrant model
   980 ;;
   981                           
   982     0116                     ___awmod:	
   983                           ;psect for function ___awmod
   984                           
   985     0116                     i1l963:	
   986                           ;incstack = 0
   987                           ; Regs used in ___awmod: [wreg+status,2+status,0]
   988                           
   989     0116  1283               	bcf	3,5	;RP0=0, select bank0
   990     0117  1303               	bcf	3,6	;RP1=0, select bank0
   991     0118  01AA               	clrf	___awmod@sign
   992     0119                     i1l965:
   993     0119  1FFC               	btfss	___awmod@dividend+1,7
   994     011A  291C               	goto	u36_21
   995     011B  291D               	goto	u36_20
   996     011C                     u36_21:
   997     011C  2924               	goto	i1l971
   998     011D                     u36_20:
   999     011D                     i1l967:
  1000     011D  09FB               	comf	___awmod@dividend,f
  1001     011E  09FC               	comf	___awmod@dividend+1,f
  1002     011F  0AFB               	incf	___awmod@dividend,f
  1003     0120  1903               	skipnz
  1004     0121  0AFC               	incf	___awmod@dividend+1,f
  1005     0122                     i1l969:
  1006     0122  01AA               	clrf	___awmod@sign
  1007     0123  0AAA               	incf	___awmod@sign,f
  1008     0124                     i1l971:
  1009     0124  1FFA               	btfss	___awmod@divisor+1,7
  1010     0125  2927               	goto	u37_21
  1011     0126  2928               	goto	u37_20
  1012     0127                     u37_21:
  1013     0127  292D               	goto	i1l975
  1014     0128                     u37_20:
  1015     0128                     i1l973:
  1016     0128  09F9               	comf	___awmod@divisor,f
  1017     0129  09FA               	comf	___awmod@divisor+1,f
  1018     012A  0AF9               	incf	___awmod@divisor,f
  1019     012B  1903               	skipnz
  1020     012C  0AFA               	incf	___awmod@divisor+1,f
  1021     012D                     i1l975:
  1022     012D  0879               	movf	___awmod@divisor,w
  1023     012E  047A               	iorwf	___awmod@divisor+1,w
  1024     012F  1903               	btfsc	3,2
  1025     0130  2932               	goto	u38_21
  1026     0131  2933               	goto	u38_20
  1027     0132                     u38_21:
  1028     0132  2962               	goto	i1l993
  1029     0133                     u38_20:
  1030     0133                     i1l977:
  1031     0133  01A9               	clrf	___awmod@counter
  1032     0134  0AA9               	incf	___awmod@counter,f
  1033     0135  2941               	goto	i1l983
  1034     0136                     i1l979:
  1035     0136  3001               	movlw	1
  1036     0137                     u39_25:
  1037     0137  1003               	clrc
  1038     0138  0DF9               	rlf	___awmod@divisor,f
  1039     0139  0DFA               	rlf	___awmod@divisor+1,f
  1040     013A  3EFF               	addlw	-1
  1041     013B  1D03               	skipz
  1042     013C  2937               	goto	u39_25
  1043     013D                     i1l981:
  1044     013D  3001               	movlw	1
  1045     013E  00FD               	movwf	??___awmod
  1046     013F  087D               	movf	??___awmod,w
  1047     0140  07A9               	addwf	___awmod@counter,f
  1048     0141                     i1l983:
  1049     0141  1FFA               	btfss	___awmod@divisor+1,7
  1050     0142  2944               	goto	u40_21
  1051     0143  2945               	goto	u40_20
  1052     0144                     u40_21:
  1053     0144  2936               	goto	i1l979
  1054     0145                     u40_20:
  1055     0145                     i1l985:
  1056     0145  087A               	movf	___awmod@divisor+1,w
  1057     0146  027C               	subwf	___awmod@dividend+1,w
  1058     0147  1D03               	skipz
  1059     0148  294B               	goto	u41_25
  1060     0149  0879               	movf	___awmod@divisor,w
  1061     014A  027B               	subwf	___awmod@dividend,w
  1062     014B                     u41_25:
  1063     014B  1C03               	skipc
  1064     014C  294E               	goto	u41_21
  1065     014D  294F               	goto	u41_20
  1066     014E                     u41_21:
  1067     014E  2955               	goto	i1l989
  1068     014F                     u41_20:
  1069     014F                     i1l987:
  1070     014F  0879               	movf	___awmod@divisor,w
  1071     0150  02FB               	subwf	___awmod@dividend,f
  1072     0151  087A               	movf	___awmod@divisor+1,w
  1073     0152  1C03               	skipc
  1074     0153  03FC               	decf	___awmod@dividend+1,f
  1075     0154  02FC               	subwf	___awmod@dividend+1,f
  1076     0155                     i1l989:
  1077     0155  3001               	movlw	1
  1078     0156                     u42_25:
  1079     0156  1003               	clrc
  1080     0157  0CFA               	rrf	___awmod@divisor+1,f
  1081     0158  0CF9               	rrf	___awmod@divisor,f
  1082     0159  3EFF               	addlw	-1
  1083     015A  1D03               	skipz
  1084     015B  2956               	goto	u42_25
  1085     015C                     i1l991:
  1086     015C  3001               	movlw	1
  1087     015D  02A9               	subwf	___awmod@counter,f
  1088     015E  1D03               	btfss	3,2
  1089     015F  2961               	goto	u43_21
  1090     0160  2962               	goto	u43_20
  1091     0161                     u43_21:
  1092     0161  2945               	goto	i1l985
  1093     0162                     u43_20:
  1094     0162                     i1l993:
  1095     0162  082A               	movf	___awmod@sign,w
  1096     0163  1903               	btfsc	3,2
  1097     0164  2966               	goto	u44_21
  1098     0165  2967               	goto	u44_20
  1099     0166                     u44_21:
  1100     0166  296C               	goto	i1l997
  1101     0167                     u44_20:
  1102     0167                     i1l995:
  1103     0167  09FB               	comf	___awmod@dividend,f
  1104     0168  09FC               	comf	___awmod@dividend+1,f
  1105     0169  0AFB               	incf	___awmod@dividend,f
  1106     016A  1903               	skipnz
  1107     016B  0AFC               	incf	___awmod@dividend+1,f
  1108     016C                     i1l997:
  1109     016C  087C               	movf	___awmod@dividend+1,w
  1110     016D  00FA               	movwf	?___awmod+1
  1111     016E  087B               	movf	___awmod@dividend,w
  1112     016F  00F9               	movwf	?___awmod
  1113     0170                     i1l347:
  1114     0170  0008               	return
  1115     0171                     __end_of___awmod:
  1116                           
  1117                           	psect	text5
  1118     00AF                     __ptext5:	
  1119 ;; *************** function ___awdiv *****************
  1120 ;; Defined at:
  1121 ;;		line 5 in file "C:\Program Files\Microchip\xc8\v2.40\pic\sources\c90\common\awdiv.c"
  1122 ;; Parameters:    Size  Location     Type
  1123 ;;  divisor         2    0[COMMON] int 
  1124 ;;  dividend        2    2[COMMON] int 
  1125 ;; Auto vars:     Size  Location     Type
  1126 ;;  quotient        2    7[COMMON] int 
  1127 ;;  sign            1    6[COMMON] unsigned char 
  1128 ;;  counter         1    5[COMMON] unsigned char 
  1129 ;; Return value:  Size  Location     Type
  1130 ;;                  2    0[COMMON] int 
  1131 ;; Registers used:
  1132 ;;		wreg, status,2, status,0
  1133 ;; Tracked objects:
  1134 ;;		On entry : 0/0
  1135 ;;		On exit  : 0/0
  1136 ;;		Unchanged: 0/0
  1137 ;; Data sizes:     COMMON   BANK0   BANK1   BANK3   BANK2
  1138 ;;      Params:         4       0       0       0       0
  1139 ;;      Locals:         4       0       0       0       0
  1140 ;;      Temps:          1       0       0       0       0
  1141 ;;      Totals:         9       0       0       0       0
  1142 ;;Total ram usage:        9 bytes
  1143 ;; Hardware stack levels used: 1
  1144 ;; This function calls:
  1145 ;;		Nothing
  1146 ;; This function is called by:
  1147 ;;		_isr
  1148 ;; This function uses a non-reentrant model
  1149 ;;
  1150                           
  1151     00AF                     ___awdiv:	
  1152                           ;psect for function ___awdiv
  1153                           
  1154     00AF                     i1l919:	
  1155                           ;incstack = 0
  1156                           ; Regs used in ___awdiv: [wreg+status,2+status,0]
  1157                           
  1158     00AF  01F6               	clrf	___awdiv@sign
  1159     00B0                     i1l921:
  1160     00B0  1FF1               	btfss	___awdiv@divisor+1,7
  1161     00B1  28B3               	goto	u26_21
  1162     00B2  28B4               	goto	u26_20
  1163     00B3                     u26_21:
  1164     00B3  28BB               	goto	i1l927
  1165     00B4                     u26_20:
  1166     00B4                     i1l923:
  1167     00B4  09F0               	comf	___awdiv@divisor,f
  1168     00B5  09F1               	comf	___awdiv@divisor+1,f
  1169     00B6  0AF0               	incf	___awdiv@divisor,f
  1170     00B7  1903               	skipnz
  1171     00B8  0AF1               	incf	___awdiv@divisor+1,f
  1172     00B9                     i1l925:
  1173     00B9  01F6               	clrf	___awdiv@sign
  1174     00BA  0AF6               	incf	___awdiv@sign,f
  1175     00BB                     i1l927:
  1176     00BB  1FF3               	btfss	___awdiv@dividend+1,7
  1177     00BC  28BE               	goto	u27_21
  1178     00BD  28BF               	goto	u27_20
  1179     00BE                     u27_21:
  1180     00BE  28C8               	goto	i1l933
  1181     00BF                     u27_20:
  1182     00BF                     i1l929:
  1183     00BF  09F2               	comf	___awdiv@dividend,f
  1184     00C0  09F3               	comf	___awdiv@dividend+1,f
  1185     00C1  0AF2               	incf	___awdiv@dividend,f
  1186     00C2  1903               	skipnz
  1187     00C3  0AF3               	incf	___awdiv@dividend+1,f
  1188     00C4                     i1l931:
  1189     00C4  3001               	movlw	1
  1190     00C5  00F4               	movwf	??___awdiv
  1191     00C6  0874               	movf	??___awdiv,w
  1192     00C7  06F6               	xorwf	___awdiv@sign,f
  1193     00C8                     i1l933:
  1194     00C8  01F7               	clrf	___awdiv@quotient
  1195     00C9  01F8               	clrf	___awdiv@quotient+1
  1196     00CA                     i1l935:
  1197     00CA  0870               	movf	___awdiv@divisor,w
  1198     00CB  0471               	iorwf	___awdiv@divisor+1,w
  1199     00CC  1903               	btfsc	3,2
  1200     00CD  28CF               	goto	u28_21
  1201     00CE  28D0               	goto	u28_20
  1202     00CF                     u28_21:
  1203     00CF  2907               	goto	i1l955
  1204     00D0                     u28_20:
  1205     00D0                     i1l937:
  1206     00D0  01F5               	clrf	___awdiv@counter
  1207     00D1  0AF5               	incf	___awdiv@counter,f
  1208     00D2  28DE               	goto	i1l943
  1209     00D3                     i1l939:
  1210     00D3  3001               	movlw	1
  1211     00D4                     u29_25:
  1212     00D4  1003               	clrc
  1213     00D5  0DF0               	rlf	___awdiv@divisor,f
  1214     00D6  0DF1               	rlf	___awdiv@divisor+1,f
  1215     00D7  3EFF               	addlw	-1
  1216     00D8  1D03               	skipz
  1217     00D9  28D4               	goto	u29_25
  1218     00DA                     i1l941:
  1219     00DA  3001               	movlw	1
  1220     00DB  00F4               	movwf	??___awdiv
  1221     00DC  0874               	movf	??___awdiv,w
  1222     00DD  07F5               	addwf	___awdiv@counter,f
  1223     00DE                     i1l943:
  1224     00DE  1FF1               	btfss	___awdiv@divisor+1,7
  1225     00DF  28E1               	goto	u30_21
  1226     00E0  28E2               	goto	u30_20
  1227     00E1                     u30_21:
  1228     00E1  28D3               	goto	i1l939
  1229     00E2                     u30_20:
  1230     00E2                     i1l945:
  1231     00E2  3001               	movlw	1
  1232     00E3                     u31_25:
  1233     00E3  1003               	clrc
  1234     00E4  0DF7               	rlf	___awdiv@quotient,f
  1235     00E5  0DF8               	rlf	___awdiv@quotient+1,f
  1236     00E6  3EFF               	addlw	-1
  1237     00E7  1D03               	skipz
  1238     00E8  28E3               	goto	u31_25
  1239     00E9  0871               	movf	___awdiv@divisor+1,w
  1240     00EA  0273               	subwf	___awdiv@dividend+1,w
  1241     00EB  1D03               	skipz
  1242     00EC  28EF               	goto	u32_25
  1243     00ED  0870               	movf	___awdiv@divisor,w
  1244     00EE  0272               	subwf	___awdiv@dividend,w
  1245     00EF                     u32_25:
  1246     00EF  1C03               	skipc
  1247     00F0  28F2               	goto	u32_21
  1248     00F1  28F3               	goto	u32_20
  1249     00F2                     u32_21:
  1250     00F2  28FA               	goto	i1l951
  1251     00F3                     u32_20:
  1252     00F3                     i1l947:
  1253     00F3  0870               	movf	___awdiv@divisor,w
  1254     00F4  02F2               	subwf	___awdiv@dividend,f
  1255     00F5  0871               	movf	___awdiv@divisor+1,w
  1256     00F6  1C03               	skipc
  1257     00F7  03F3               	decf	___awdiv@dividend+1,f
  1258     00F8  02F3               	subwf	___awdiv@dividend+1,f
  1259     00F9                     i1l949:
  1260     00F9  1477               	bsf	___awdiv@quotient,0
  1261     00FA                     i1l951:
  1262     00FA  3001               	movlw	1
  1263     00FB                     u33_25:
  1264     00FB  1003               	clrc
  1265     00FC  0CF1               	rrf	___awdiv@divisor+1,f
  1266     00FD  0CF0               	rrf	___awdiv@divisor,f
  1267     00FE  3EFF               	addlw	-1
  1268     00FF  1D03               	skipz
  1269     0100  28FB               	goto	u33_25
  1270     0101                     i1l953:
  1271     0101  3001               	movlw	1
  1272     0102  02F5               	subwf	___awdiv@counter,f
  1273     0103  1D03               	btfss	3,2
  1274     0104  2906               	goto	u34_21
  1275     0105  2907               	goto	u34_20
  1276     0106                     u34_21:
  1277     0106  28E2               	goto	i1l945
  1278     0107                     u34_20:
  1279     0107                     i1l955:
  1280     0107  0876               	movf	___awdiv@sign,w
  1281     0108  1903               	btfsc	3,2
  1282     0109  290B               	goto	u35_21
  1283     010A  290C               	goto	u35_20
  1284     010B                     u35_21:
  1285     010B  2911               	goto	i1l959
  1286     010C                     u35_20:
  1287     010C                     i1l957:
  1288     010C  09F7               	comf	___awdiv@quotient,f
  1289     010D  09F8               	comf	___awdiv@quotient+1,f
  1290     010E  0AF7               	incf	___awdiv@quotient,f
  1291     010F  1903               	skipnz
  1292     0110  0AF8               	incf	___awdiv@quotient+1,f
  1293     0111                     i1l959:
  1294     0111  0878               	movf	___awdiv@quotient+1,w
  1295     0112  00F1               	movwf	?___awdiv+1
  1296     0113  0877               	movf	___awdiv@quotient,w
  1297     0114  00F0               	movwf	?___awdiv
  1298     0115                     i1l334:
  1299     0115  0008               	return
  1300     0116                     __end_of___awdiv:
  1301     007E                     btemp	set	126	;btemp
  1302     007E                     wtemp0	set	126
  1303                           
  1304                           	psect	idloc
  1305                           
  1306                           ;Config register IDLOC0 @ 0x2000
  1307                           ;	unspecified, using default values
  1308     2000                     	org	8192
  1309     2000  3FFF               	dw	16383
  1310                           
  1311                           ;Config register IDLOC1 @ 0x2001
  1312                           ;	unspecified, using default values
  1313     2001                     	org	8193
  1314     2001  3FFF               	dw	16383
  1315                           
  1316                           ;Config register IDLOC2 @ 0x2002
  1317                           ;	unspecified, using default values
  1318     2002                     	org	8194
  1319     2002  3FFF               	dw	16383
  1320                           
  1321                           ;Config register IDLOC3 @ 0x2003
  1322                           ;	unspecified, using default values
  1323     2003                     	org	8195
  1324     2003  3FFF               	dw	16383
  1325                           
  1326                           	psect	config
  1327                           
  1328                           ;Config register CONFIG1 @ 0x2007
  1329                           ;	Oscillator Selection bits
  1330                           ;	FOSC = INTRC_NOCLKOUT, INTOSCIO oscillator: I/O function on RA6/OSC2/CLKOUT pin, I/O f
      +                          unction on RA7/OSC1/CLKIN
  1331                           ;	Watchdog Timer Enable bit
  1332                           ;	WDTE = OFF, WDT disabled and can be enabled by SWDTEN bit of the WDTCON register
  1333                           ;	Power-up Timer Enable bit
  1334                           ;	PWRTE = OFF, PWRT disabled
  1335                           ;	RE3/MCLR pin function select bit
  1336                           ;	MCLRE = OFF, RE3/MCLR pin function is digital input, MCLR internally tied to VDD
  1337                           ;	Code Protection bit
  1338                           ;	CP = OFF, Program memory code protection is disabled
  1339                           ;	Data Code Protection bit
  1340                           ;	CPD = OFF, Data memory code protection is disabled
  1341                           ;	Brown Out Reset Selection bits
  1342                           ;	BOREN = OFF, BOR disabled
  1343                           ;	Internal External Switchover bit
  1344                           ;	IESO = OFF, Internal/External Switchover mode is disabled
  1345                           ;	Fail-Safe Clock Monitor Enabled bit
  1346                           ;	FCMEN = OFF, Fail-Safe Clock Monitor is disabled
  1347                           ;	Low Voltage Programming Enable bit
  1348                           ;	LVP = OFF, RB3 pin has digital I/O, HV on MCLR must be used for programming
  1349                           ;	In-Circuit Debugger Mode bit
  1350                           ;	DEBUG = 0x1, unprogramme  1351     2007                     	org	8199
  1352     2007  20D4               	dw	8404
  1353                           
  1354                           ;Config register CONFIG2 @ 0x2008
  1355                           ;	Brown-out Reset Selection bit
  1356                           ;	BOR4V = BOR40V, Brown-out Reset set to 4.0V
  1357                           ;	Flash Program Memory Self Write Enable bits
  1358                           ;	WRT = OFF, Write protection off
  1359     2008                     	org	8200
  1360     2008  3FFF               	dw	16383

Data Sizes:
    Strings     0
    Constant    0
    Data        0
    BSS         9
    Persistent  0
    Stack       0

Auto Spaces:
    Space          Size  Autos    Used
    COMMON           14     14      14
    BANK0            80      8      17
    BANK1            80      0       0
    BANK3            96      0       0
    BANK2            96      0       0

Pointer List with Targets:

    None.

Critical Paths under _main in COMMON

    None.

Critical Paths under _isr in COMMON

    _isr->___awmod
    ___awmod->___awdiv

Critical Paths under _main in BANK0

    None.

Critical Paths under _isr in BANK0

    _isr->___awmod

Critical Paths under _main in BANK1

    None.

Critical Paths under _isr in BANK1

    None.

Critical Paths under _main in BANK3

    None.

Critical Paths under _isr in BANK3

    None.

Critical Paths under _main in BANK2

    None.

Critical Paths under _isr in BANK2

    None.

Call Graph Tables:

 ---------------------------------------------------------------------------------
 (Depth) Function   	        Calls       Base Space   Used Autos Params    Refs
 ---------------------------------------------------------------------------------
 (0) _main                                                 2     2      0       0
                                              6 BANK0      2     2      0
                           _initUART
                              _setup
 ---------------------------------------------------------------------------------
 (1) _setup                                                0     0      0       0
 ---------------------------------------------------------------------------------
 (1) _initUART                                             0     0      0       0
 ---------------------------------------------------------------------------------
 Estimated maximum stack depth 1
 ---------------------------------------------------------------------------------
 (Depth) Function   	        Calls       Base Space   Used Autos Params    Refs
 ---------------------------------------------------------------------------------
 (2) _isr                                                  4     4      0    1204
                                              2 BANK0      4     4      0
                            ___awdiv
                            ___awmod
 ---------------------------------------------------------------------------------
 (3) ___awmod                                              7     3      4     600
                                              9 COMMON     5     1      4
                                              0 BANK0      2     2      0
                            ___awdiv (ARG)
 ---------------------------------------------------------------------------------
 (3) ___awdiv                                              9     5      4     604
                                              0 COMMON     9     5      4
 ---------------------------------------------------------------------------------
 Estimated maximum stack depth 3
 ---------------------------------------------------------------------------------

 Call Graph Graphs:

 _main (ROOT)
   _initUART
   _setup

 _isr (ROOT)
   ___awdiv
   ___awmod
     ___awdiv (ARG)

 Address spaces:
Name               Size   Autos  Total    Cost      Usage
BITCOMMON            E      0       0       0        0.0%
EEDATA             100      0       0       0        0.0%
NULL                 0      0       0       0        0.0%
CODE                 0      0       0       0        0.0%
COMMON               E      E       E       1      100.0%
BITSFR0              0      0       0       1        0.0%
SFR0                 0      0       0       1        0.0%
BITSFR1              0      0       0       2        0.0%
SFR1                 0      0       0       2        0.0%
STACK                0      0       0       2        0.0%
ABS                  0      0      1F       3        0.0%
BITBANK0            50      0       0       4        0.0%
BITSFR3              0      0       0       4        0.0%
SFR3                 0      0       0       4        0.0%
BANK0               50      8      11       5       21.2%
BITSFR2              0      0       0       5        0.0%
SFR2                 0      0       0       5        0.0%
BITBANK1            50      0       0       6        0.0%
BANK1               50      0       0       7        0.0%
BITBANK3            60      0       0       8        0.0%
BANK3               60      0       0       9        0.0%
BITBANK2            60      0       0      10        0.0%
BANK2               60      0       0      11        0.0%
DATA                 0      0      1F      12        0.0%


Microchip Technology PIC Macro Assembler V2.40 build 20220703182018 
Symbol Table                                                                                   Thu May 11 10:49:50 2023

                     l92 01EF                       l95 01D7             ___awdiv@sign 0076  
                    l901 01DC                      l911 01E7                      l903 01DD  
                    l913 01EA                      l905 01DE                      l915 01ED  
                    l907 01E1                      l917 01EE                      l909 01E4  
                    l871 01C1                      l881 01C8                      l873 01C2  
                    l891 01D4                      l883 01CF                      l875 01C3  
                    l867 01BA                      l893 01D5                      l885 01D1  
                    l877 01C6                      l869 01BD                      l895 01D6  
                    l887 01D2                      l879 01C7                      l889 01D3  
                    l899 01D8                      _RB0 0030                      _RB1 0031  
                    u517 0186                      u527 0195                      u537 01A4  
                    u547 01B2                      _isr 0020             ___awmod@sign 002A  
                   l1031 017B                     l1041 019E                     l1033 0180  
                   l1043 01A8                     l1035 018A                     l1045 01AC  
                   l1037 018F                     l1029 0171                     l1039 0199  
                   ?_isr 0070                     _BRGH 04C2                     _CREN 00C4  
                   _IOCB 0096                     _RBIF 0058                     _RCIF 0065  
                   i1l81 00A6                     _SPEN 00C7                     _TXEN 04C5  
                   _TXIF 0064                     _SYNC 04C4                     _WPUB 0095  
                   _main 0171                     btemp 007E                     start 000E  
                  ??_isr 002B                    ?_main 0070          __end_of___awdiv 0116  
                  _BRG16 0C3B          __end_of___awmod 0171          ___awdiv@divisor 0070  
                  i1l334 0115                    i1l347 0170                    i1l921 00B0  
                  i1l931 00C4                    i1l923 00B4                    i1l941 00DA  
                  i1l933 00C8                    i1l925 00B9                    i1l951 00FA  
                  i1l943 00DE                    i1l935 00CA                    i1l927 00BB  
                  i1l919 00AF                    i1l953 0101                    i1l945 00E2  
                  i1l937 00D0                    i1l929 00BF                    i1l947 00F3  
                  i1l939 00D3                    i1l955 0107                    i1l971 0124  
                  i1l963 0116                    i1l957 010C                    i1l949 00F9  
                  i1l981 013D                    i1l973 0128                    i1l965 0119  
                  i1l959 0111                    i1l991 015C                    i1l983 0141  
                  i1l975 012D                    i1l967 011D                    i1l985 0145  
                  i1l977 0133                    i1l993 0162                    i1l969 0122  
                  i1l995 0167                    i1l987 014F                    i1l979 0136  
                  i1l997 016C                    i1l989 0155          ___awdiv@counter 0075  
                  _RCREG 001A                    u30_20 00E2                    u30_21 00E1  
                  u31_25 00E3                    u32_20 00F3                    u40_20 0145  
                  u32_21 00F2                    u40_21 0144                    u32_25 00EF  
                  u41_20 014F                    u41_21 014E                    u33_25 00FB  
                  u41_25 014B                    u34_20 0107                    u26_20 00B4  
                  u50_20 004A                    u34_21 0106                    u26_21 00B3  
                  u50_21 0049                    _SPBRG 0099                    u42_25 0156  
                  u35_20 010C                    u27_20 00BF                    u43_20 0162  
                  u35_21 010B                    u27_21 00BE                    u43_21 0161  
                  _PORTA 0005                    _PORTD 0008                    _PORTE 0009  
                  u28_20 00D0                    u44_20 0167                    u36_20 011D  
                  u28_21 00CF                    u44_21 0166                    u36_21 011C  
                  u37_20 0128                    u45_20 0024                    u37_21 0127  
                  u45_21 0023                    u29_25 00D4                    u38_20 0133  
                  u46_20 0034                    u38_21 0132                    u46_21 0033  
                  u47_20 003A                    u47_21 0039                    u39_25 0137  
                  u55_27 002C                    u48_20 003E                    u48_21 003D  
                  u56_27 00A2                    u49_20 0046                    u49_21 0045  
                  _TRISB 0086                    _TRISD 0088                    _TRISE 0089  
                  _TXREG 0019                    _setup 01BA                    pclath 000A  
                  status 0003                    wtemp0 007E          __initialization 0011  
           __end_of_main 01BA                   ??_main 002F         ___awdiv@dividend 0072  
                 ?_setup 0070                   _ANSELH 0189                   i1l1001 0020  
                 i1l1011 003E                   i1l1003 0024                   i1l1021 0062  
                 i1l1013 0042                   i1l1005 0030                   i1l1023 0085  
                 i1l1015 0046                   i1l1007 0034                   i1l1025 009B  
                 i1l1017 004A                   i1l1009 003A                   i1l1019 004C  
                 i1l1027 009C                   _SPBRGH 009A                ??___awdiv 0074  
                 _decena 0022                ??___awmod 007D         __end_of_initUART 01F0  
       ___awdiv@quotient 0077          ___awmod@divisor 0079                   _numero 0026  
        ___awmod@counter 0029                   _unidad 0020                   saved_w 007E  
__end_of__initialization 001C           __pcstackCOMMON 0070            __end_of_setup 01D8  
         _OPTION_REGbits 0081                  ??_setup 002F               __pbssBANK0 0020  
             __pmaintext 0171               __pintentry 0004                ?_initUART 0070  
                ___awdiv 00AF                  ___awmod 0116                  _centena 0024  
                __ptext1 01BA                  __ptext2 01D8                  __ptext3 0020  
                __ptext4 0116                  __ptext5 00AF         ___awmod@dividend 007B  
   end_of_initialization 001C               ??_initUART 002F      start_initialization 0011  
            __end_of_isr 00AF                ___latbits 0002            __pcstackBANK0 0029  
               ?___awdiv 0070                 ?___awmod 0079        interrupt_function 0004  
               _PIE1bits 008C                 _contador 0028                 _initUART 01D8  
             _INTCONbits 000B                 intlevel1 0000               _OSCCONbits 008F  
